2026-04-26T18:09:53.6237493Z State: Starting, Action: EstablishingSiteNetworks, LastError: , LastErrorTimestamp: 01/01/0001 00:00:00, LastErrorDetails: , Details: , DetailsLevel: INFO
2026-04-26T18:09:55.5282114Z State: Starting, Action: StartingSiteContainers, LastError: , LastErrorTimestamp: 01/01/0001 00:00:00, LastErrorDetails: , Details: , DetailsLevel: INFO
2026-04-26T18:09:55.5344845Z Container start method called.
2026-04-26T18:09:55.5455599Z State: Starting, Action: PullingImage, LastError: , LastErrorTimestamp: 01/01/0001 00:00:00, LastErrorDetails: , Details: Pulling image 10.1.0.4:13209/appsvc/node:20-lts_20260115.4.tuxprod for fairlens-ai., DetailsLevel: INFO
2026-04-26T18:09:55.5458391Z Establishing network.
2026-04-26T18:09:55.5499740Z Pulling image: appsvc/node:20-lts_20260115.4.tuxprod.
2026-04-26T18:09:55.8869554Z Image appsvc/node:20-lts_20260115.4.tuxprod is pulled from registry 10.1.0.4:13209
2026-04-26T18:09:55.8984687Z Container is starting.
2026-04-26T18:09:55.8985974Z State: Starting, Action: MountingVolumes, LastError: , LastErrorTimestamp: 01/01/0001 00:00:00, LastErrorDetails: , Details: Mounting volumes for fairlens-ai., DetailsLevel: INFO
2026-04-26T18:09:55.8987459Z Establishing user namespace if not established already.
2026-04-26T18:09:55.8996506Z Establishing network if not established already.
2026-04-26T18:09:55.8998136Z Mounting volumes.
2026-04-26T18:09:55.9029283Z Nested mountpoint 
2026-04-26T18:09:55.9143990Z Nested mountpoint volatile/logs
2026-04-26T18:09:55.9199222Z Nested mountpoint 
2026-04-26T18:09:55.9331948Z Nested mountpoint 
2026-04-26T18:09:55.9350351Z Nested mountpoint 
2026-04-26T18:09:56.0333702Z State: Starting, Action: CreatingContainer, LastError: , LastErrorTimestamp: 01/01/0001 00:00:00, LastErrorDetails: , Details: Finished pulling container image and mounting volumes for fairlens-ai. Allocatinng the rest of the container resources to finish container creation., DetailsLevel: INFO
2026-04-26T18:09:56.0335547Z Creating container.
2026-04-26T18:09:56.0347716Z Creating pipes for streaming container io.
2026-04-26T18:09:56.0356767Z Creating stdout named pipe at /podr/container/pipe/af44a74618ee_fairlens-ai/stdout_d76fd3506ef04ff4a5f2265587fcbde7.
2026-04-26T18:09:56.0373976Z Successfully created stdout named pipe at: /podr/container/pipe/af44a74618ee_fairlens-ai/stdout_d76fd3506ef04ff4a5f2265587fcbde7.
2026-04-26T18:09:56.0389137Z Opening named pipe /podr/container/pipe/af44a74618ee_fairlens-ai/stdout_d76fd3506ef04ff4a5f2265587fcbde7 for reading in non-blocking mode.
2026-04-26T18:09:56.0396564Z Successfully opened named pipe: /podr/container/pipe/af44a74618ee_fairlens-ai/stdout_d76fd3506ef04ff4a5f2265587fcbde7.
2026-04-26T18:09:56.0404902Z Successfully removed non-blocking flag from /podr/container/pipe/af44a74618ee_fairlens-ai/stdout_d76fd3506ef04ff4a5f2265587fcbde7.
2026-04-26T18:09:56.0417086Z Creating stderr named pipe at /podr/container/pipe/af44a74618ee_fairlens-ai/stderr_b0f4f364b48a425b8f087ba84c64e02c.
2026-04-26T18:09:56.0421088Z Successfully created stderr named pipe at: /podr/container/pipe/af44a74618ee_fairlens-ai/stderr_b0f4f364b48a425b8f087ba84c64e02c.
2026-04-26T18:09:56.0423976Z Opening named pipe /podr/container/pipe/af44a74618ee_fairlens-ai/stderr_b0f4f364b48a425b8f087ba84c64e02c for reading in non-blocking mode.
2026-04-26T18:09:56.0428423Z Successfully opened named pipe: /podr/container/pipe/af44a74618ee_fairlens-ai/stderr_b0f4f364b48a425b8f087ba84c64e02c.
2026-04-26T18:09:56.0430009Z Successfully removed non-blocking flag from /podr/container/pipe/af44a74618ee_fairlens-ai/stderr_b0f4f364b48a425b8f087ba84c64e02c.
2026-04-26T18:09:56.0467769Z Creating container with image: appsvc/node:20-lts_20260115.4.tuxprod from registry: 10.1.0.4:13209 and fully qualified image name: 10.1.0.4:13209/appsvc/node:20-lts_20260115.4.tuxprod
2026-04-26T18:09:57.1836503Z Starting container: af44a74618ee_fairlens-ai.
2026-04-26T18:09:57.2576817Z Starting watchers and probes.
2026-04-26T18:09:57.2764981Z Starting metrics collection.
2026-04-26T18:09:57.2817020Z Container is running.
2026-04-26T18:09:57.2877822Z State: Starting, Action: CreatingContainer, LastError: , LastErrorTimestamp: 01/01/0001 00:00:00, LastErrorDetails: , Details: Container fairlens-ai successfully created and is running., DetailsLevel: INFO
2026-04-26T18:09:57.3764773Z Container start method finished after 1841 ms.
2026-04-26T18:09:57.3794766Z State: Starting, Action: InitiatingSiteWarmUpProbe, LastError: , LastErrorTimestamp: 01/01/0001 00:00:00, LastErrorDetails: , Details: Container fairlens-ai successfully created and is running., DetailsLevel: INFO
2026-04-26T18:09:57.3863813Z State: Starting, Action: WaitingForSiteWarmUpProbeSuccess, LastError: , LastErrorTimestamp: 01/01/0001 00:00:00, LastErrorDetails: , Details: Pinging warmup path to ensure container is ready to receive requests., DetailsLevel: INFO
2026-04-26T18:10:10.5156609Z Site startup probe succeeded after 13.0731742 seconds.
2026-04-26T18:10:10.6548911Z State: Starting, Action: WarmUpProbeSucceeded, LastError: , LastErrorTimestamp: 01/01/0001 00:00:00, LastErrorDetails: , Details: Site startup probe succeeded after 13.0731742 seconds., DetailsLevel: INFO
2026-04-26T18:10:11.4168932Z Site is running with deployment version: dfbe396a-c5ff-4f17-9436-7fbb5cb6635c
2026-04-26T18:10:11.4241291Z Site started.
2026-04-26T18:10:11.4242705Z State: Started, Action: None, LastError: , LastErrorTimestamp: 01/01/0001 00:00:00, LastErrorDetails: , Details: Site started at 04/26/2026 18:10:11 (UTC), DetailsLevel: INFO
2026-04-26T18:10:11.7326253Z Site is running with patch version NODE 20.20.0
