2026-04-26T09:57:33.2732056Z,Updating submodules.,940717f9-3d0e-4f69-b8a2-36fdcf3adf0a,0
2026-04-26T09:57:34.4065880Z,Preparing deployment for commit id 'dfbe396a-c'.,28755a17-64de-4323-a9d6-a155a821bbf8,0
2026-04-26T09:57:34.7591919Z,PreDeployment: context.CleanOutputPath False,419164f7-0494-41d0-9e2c-a1833d1b1980,0
2026-04-26T09:57:34.8813035Z,PreDeployment: context.OutputPath /home/site/wwwroot,f3f9b601-aad6-4368-913a-529a7b52bf69,0
2026-04-26T09:57:35.0271086Z,Repository path is /tmp/zipdeploy/extracted,0e4cd113-7ea8-46cb-8737-51ef0c2c62a8,0
2026-04-26T09:57:35.1742143Z,Running oryx build...,8d9dce1e-8b33-4fca-b604-53afc2207e94,0
	2026-04-26T09:57:35.1806608Z,Command: oryx build /tmp/zipdeploy/extracted -o /home/site/wwwroot --platform nodejs --platform-version 20 -p virtualenv_name= --log-file /tmp/build-debug.log  -i /tmp/8dea37a3d77e3f1 -p compress_node_modules=tar-gz | tee /tmp/oryx-build.log,,0
	2026-04-26T09:57:36.3937927Z,Operation performed by Microsoft Oryx&comma; https://github.com/Microsoft/Oryx,,0
	2026-04-26T09:57:36.4084104Z,You can report issues at https://github.com/Microsoft/Oryx/issues,,0
	2026-04-26T09:57:36.4237173Z,,,0
	2026-04-26T09:57:36.4313909Z,Oryx Version: 0.2.20260420.1+83c04e9ee1882dc90d279b63348824daedbd3c96&comma; Commit: 83c04e9ee1882dc90d279b63348824daedbd3c96&comma; ReleaseTagName: 20260420.1,,0
	2026-04-26T09:57:36.4592611Z,,,0
	2026-04-26T09:57:36.4762782Z,Build Operation ID: 976d298232586fe6,,0
	2026-04-26T09:57:36.4853433Z,Repository Commit : dfbe396a-c5ff-4f17-9436-7fbb5cb6635c,,0
	2026-04-26T09:57:36.4963828Z,OS Type           : bookworm,,0
	2026-04-26T09:57:36.5165554Z,Image Type        : githubactions,,0
	2026-04-26T09:57:36.5313016Z,,,0
	2026-04-26T09:57:36.5393222Z,Primary SDK Storage URL: https://oryx-cdn.microsoft.io,,0
	2026-04-26T09:57:36.5465462Z,Backup SDK Storage URL: ,,0
	2026-04-26T09:57:36.5593304Z,ACR SDK Registry URL: (not set),,0
	2026-04-26T09:57:36.5805396Z,SDK provider status:,,0
	2026-04-26T09:57:36.5954293Z,  External ACR SDK provider: Disabled,,0
	2026-04-26T09:57:36.6127410Z,  External SDK provider: Enabled,,0
	2026-04-26T09:57:36.6283621Z,  Direct ACR SDK provider: Disabled,,0
	2026-04-26T09:57:36.6405711Z,  Blob SDK provider: Enabled,,0
	2026-04-26T09:57:36.6512539Z,Detecting platforms...,,0
	2026-04-26T09:57:36.6966671Z,Requesting metadata for platform nodejs from external SDK provider,,0
	2026-04-26T09:57:37.2000452Z,Requesting metadata for platform nodejs from external SDK provider,,0
	2026-04-26T09:57:37.6376385Z,Version resolved using external SDK provider.,,0
	2026-04-26T09:57:37.7424617Z,Detected following platforms:,,0
	2026-04-26T09:57:37.7549461Z,  nodejs: 20.20.0,,0
	2026-04-26T09:57:37.8223163Z,Detected the following frameworks: Express,,0
	2026-04-26T09:57:37.9544366Z,,,0
	2026-04-26T09:57:38.0187421Z,Using intermediate directory '/tmp/8dea37a3d77e3f1'.,,0
	2026-04-26T09:57:38.0338522Z,,,0
	2026-04-26T09:57:38.0461219Z,Copying files to the intermediate directory...,,0
	2026-04-26T09:57:38.1258596Z,Copying files to intermediate directory done in 0 sec(s).,,0
	2026-04-26T09:57:38.1479963Z,,,0
	2026-04-26T09:57:38.1596239Z,Source directory     : /tmp/8dea37a3d77e3f1,,0
	2026-04-26T09:57:38.1761802Z,Destination directory: /home/site/wwwroot,,0
	2026-04-26T09:57:38.2047494Z,,,0
	2026-04-26T09:57:38.3734175Z,Running build script snippets...,,0
	2026-04-26T09:57:38.3816369Z,Removing existing manifest file,,0
	2026-04-26T09:57:38.4038460Z,Creating directory for command manifest file if it does not exist,,0
	2026-04-26T09:57:38.4145130Z,Creating a manifest file...,,0
	2026-04-26T09:57:38.4347512Z,Node Build Command Manifest file created.,,0
	2026-04-26T09:57:38.4475168Z,,,0
	2026-04-26T09:57:38.4644143Z,Using Node version:,,0
	2026-04-26T09:57:38.5896007Z,v20.20.0,,0
	2026-04-26T09:57:38.6105619Z,,,0
	2026-04-26T09:57:38.6276002Z,Using Npm version:,,0
	2026-04-26T09:57:39.7115913Z,10.8.2,,0
	2026-04-26T09:57:39.7212977Z,,,0
	2026-04-26T09:57:39.7360180Z,Running 'npm install'...,,0
	2026-04-26T09:57:39.7448986Z,,,0
	2026-04-26T09:57:41.3959064Z,,,0
	2026-04-26T09:57:41.4238391Z,added 69 packages&comma; and audited 70 packages in 2s,,0
	2026-04-26T09:57:41.4351064Z,,,0
	2026-04-26T09:57:41.4592606Z,24 packages are looking for funding,,0
	2026-04-26T09:57:41.4691676Z,  run `npm fund` for details,,0
	2026-04-26T09:57:41.4794478Z,,,0
	2026-04-26T09:57:41.4913692Z,found 0 vulnerabilities,,0
	2026-04-26T09:57:41.5089322Z,,,0
	2026-04-26T09:57:41.5343593Z,Zipping existing node_modules folder...,,0
	2026-04-26T09:57:41.6422372Z,Done in 0 sec(s).,,0
	2026-04-26T09:57:41.6597681Z,Build script snippets done in 3 sec(s).,,0
	2026-04-26T09:57:41.6694966Z,Preparing output...,,0
	2026-04-26T09:57:41.6782074Z,Using standard output preparation...,,0
	2026-04-26T09:57:41.6880546Z,,,0
	2026-04-26T09:57:41.6970155Z,Copying files to destination directory '/home/site/wwwroot'...,,0
	2026-04-26T09:57:41.8930717Z,Copying to destination directory done in 0 sec(s).,,0
	2026-04-26T09:57:41.9041436Z,Total time for destination directory preparation done in 0 sec(s).,,0
	2026-04-26T09:57:41.9194967Z,,,0
	2026-04-26T09:57:41.9264954Z,Removing existing manifest file,,0
	2026-04-26T09:57:41.9360906Z,Creating a manifest file...,,0
	2026-04-26T09:57:41.9503205Z,Manifest file created.,,0
	2026-04-26T09:57:41.9625937Z,Copying .ostype to manifest output directory.,,0
	2026-04-26T09:57:41.9807902Z,,,0
	2026-04-26T09:57:41.9920538Z,Total execution done in 4 sec(s).,,0
2026-04-26T09:57:42.7760999Z,Running post deployment command(s)...,e061b7e2-b18e-4b02-b949-9bd299a1ed34,0
2026-04-26T09:57:42.9255414Z,,ee43ff03-4a96-41fe-9f5e-ac5c5cc99926,0
2026-04-26T09:57:43.0279804Z,Generating summary of Oryx build,3b12a00d-db46-4498-9187-53aeab9f7c80,0
2026-04-26T09:57:43.1760158Z,Parsing the build logs,9470dc47-6931-46be-ae35-c13d6229957a,0
2026-04-26T09:57:43.3183419Z,Found 0 issue(s),6e0d4f47-38b4-4ff8-90a4-ab04b03ef579,0
2026-04-26T09:57:43.4338407Z,,a218e411-d748-453e-9070-2b231ca188a0,0
2026-04-26T09:57:43.5480919Z,Build Summary :,86024841-144b-468e-b15f-46c41a93dd79,0
2026-04-26T09:57:43.6522121Z,===============,6a7d6629-2e5f-49b5-adb3-cd2e05e9f118,0
2026-04-26T09:57:43.7718795Z,Errors (0),a4c67fc2-fc46-4a62-b71e-36e20ed5e3b4,0
2026-04-26T09:57:43.9073054Z,Warnings (0),3b6001b9-5711-443b-812c-72d479b50977,0
2026-04-26T09:57:44.0343262Z,,f5f55980-29eb-4527-a45d-093fbebcae51,0
2026-04-26T09:57:44.1867945Z,Triggering recycle (preview mode disabled).,a1c63028-5607-4af4-b1fd-dc6f11254a41,0
2026-04-26T09:57:44.3626386Z,Deployment successful. deployer = Push-Deployer deploymentPath = ZipDeploy. Extract zip.,02f60281-5a47-4f75-a9e3-61a63dcafe29,0
