2026-04-26T09:41:31.5043716Z,Updating submodules.,3f67ba59-447c-4ed0-b0b2-531be4a45cb9,0
2026-04-26T09:41:32.6166131Z,Preparing deployment for commit id '23c25490-c'.,d7a4fea2-bf39-4f65-9455-04afd526b582,0
2026-04-26T09:41:32.9592149Z,PreDeployment: context.CleanOutputPath False,5a098e69-4b74-4508-8caa-09ff09dd8ef9,0
2026-04-26T09:41:33.0999519Z,PreDeployment: context.OutputPath /home/site/wwwroot,1f7adb2b-1843-4353-84a1-7f34645f1c8b,0
2026-04-26T09:41:33.2438633Z,Repository path is /tmp/zipdeploy/extracted,ff987d14-7044-4955-a92a-8d10ab7f8a51,0
2026-04-26T09:41:33.3546723Z,Running oryx build...,380b143a-b159-49f2-8414-6fd3a55ea6cf,0
	2026-04-26T09:41:33.3616253Z,Command: oryx build /tmp/zipdeploy/extracted -o /home/site/wwwroot --platform nodejs --platform-version 20 -p virtualenv_name= --log-file /tmp/build-debug.log  -i /tmp/8dea3780030f609 -p compress_node_modules=tar-gz | tee /tmp/oryx-build.log,,0
	2026-04-26T09:41:35.0249858Z,Operation performed by Microsoft Oryx&comma; https://github.com/Microsoft/Oryx,,0
	2026-04-26T09:41:35.0441591Z,You can report issues at https://github.com/Microsoft/Oryx/issues,,0
	2026-04-26T09:41:35.0542107Z,,,0
	2026-04-26T09:41:35.0651953Z,Oryx Version: 0.2.20260420.1+83c04e9ee1882dc90d279b63348824daedbd3c96&comma; Commit: 83c04e9ee1882dc90d279b63348824daedbd3c96&comma; ReleaseTagName: 20260420.1,,0
	2026-04-26T09:41:35.0785457Z,,,0
	2026-04-26T09:41:35.0913678Z,Build Operation ID: 5ce71507e0897ade,,0
	2026-04-26T09:41:35.1108238Z,Repository Commit : 23c25490-c806-418c-b664-d979de5a5c2a,,0
	2026-04-26T09:41:35.1197378Z,OS Type           : bookworm,,0
	2026-04-26T09:41:35.1449970Z,Image Type        : githubactions,,0
	2026-04-26T09:41:35.1775087Z,,,0
	2026-04-26T09:41:35.1947957Z,Primary SDK Storage URL: https://oryx-cdn.microsoft.io,,0
	2026-04-26T09:41:35.2063629Z,Backup SDK Storage URL: ,,0
	2026-04-26T09:41:35.2243095Z,ACR SDK Registry URL: (not set),,0
	2026-04-26T09:41:35.2375042Z,SDK provider status:,,0
	2026-04-26T09:41:35.2504044Z,  External ACR SDK provider: Disabled,,0
	2026-04-26T09:41:35.2620332Z,  External SDK provider: Enabled,,0
	2026-04-26T09:41:35.2807094Z,  Direct ACR SDK provider: Disabled,,0
	2026-04-26T09:41:35.2936376Z,  Blob SDK provider: Enabled,,0
	2026-04-26T09:41:35.3132305Z,Detecting platforms...,,0
	2026-04-26T09:41:35.3742609Z,Requesting metadata for platform nodejs from external SDK provider,,0
	2026-04-26T09:41:36.3402112Z,Requesting metadata for platform nodejs from external SDK provider,,0
	2026-04-26T09:41:36.6803830Z,Successfully requested blob for platform nodejs&comma; blobName defaultVersion.bookworm.txt&comma; available at /var/OryxSdks/nodejs/defaultVersion.bookworm.txt,,0
	2026-04-26T09:41:36.7296302Z,Version resolved using external SDK provider.,,0
	2026-04-26T09:41:36.8143194Z,Detected following platforms:,,0
	2026-04-26T09:41:36.8305397Z,  nodejs: 20.20.0,,0
	2026-04-26T09:41:36.8421099Z,Requesting metadata for platform nodejs from external SDK provider,,0
	2026-04-26T09:41:37.9282589Z,Successfully requested blob for platform nodejs&comma; blobName nodejs-bookworm-20.20.0.tar.gz&comma; available at /var/OryxSdks/nodejs/nodejs-bookworm-20.20.0.tar.gz,,0
	2026-04-26T09:41:38.0344300Z,SDK for 'nodejs' version '20.20.0' fetched via external SDK provider.,,0
	2026-04-26T09:41:38.0439282Z,Version '20.20.0' of platform 'nodejs' is not installed. Generating script to install it...,,0
	2026-04-26T09:41:38.1071129Z,Detected the following frameworks: Express,,0
	2026-04-26T09:41:38.2103257Z,,,0
	2026-04-26T09:41:38.2605305Z,Using intermediate directory '/tmp/8dea3780030f609'.,,0
	2026-04-26T09:41:38.2689386Z,,,0
	2026-04-26T09:41:38.2805912Z,Copying files to the intermediate directory...,,0
	2026-04-26T09:41:38.3555284Z,Copying files to intermediate directory done in 0 sec(s).,,0
	2026-04-26T09:41:38.3831938Z,,,0
	2026-04-26T09:41:38.3940098Z,Source directory     : /tmp/8dea3780030f609,,0
	2026-04-26T09:41:38.4006536Z,Destination directory: /home/site/wwwroot,,0
	2026-04-26T09:41:38.4150757Z,,,0
	2026-04-26T09:41:38.4240603Z,Installing platform...,,0
	2026-04-26T09:41:38.4354021Z,,,0
	2026-04-26T09:41:38.4508779Z,Downloading and extracting 'nodejs' version '20.20.0' to '/tmp/oryx/platforms/nodejs/20.20.0'...,,0
	2026-04-26T09:41:38.4593301Z,Detected image debian flavor: bookworm.,,0
	2026-04-26T09:41:38.4903558Z,SDK binary download was skipped. Looking for cached tarball...,,0
	2026-04-26T09:41:38.5070043Z,Found tarball at /var/OryxSdks/nodejs/nodejs-bookworm-20.20.0.tar.gz,,0
	2026-04-26T09:41:41.1757893Z,Successfully extracted nodejs version 20.20.0 from cached tarball.,,0
	2026-04-26T09:41:41.2227268Z,,,0
	2026-04-26T09:41:41.2286161Z,Platform installation done in 3 sec(s).,,0
	2026-04-26T09:41:41.4198864Z,Running build script snippets...,,0
	2026-04-26T09:41:41.4296224Z,Removing existing manifest file,,0
	2026-04-26T09:41:41.4391095Z,Creating directory for command manifest file if it does not exist,,0
	2026-04-26T09:41:41.4483329Z,Creating a manifest file...,,0
	2026-04-26T09:41:41.4644100Z,Node Build Command Manifest file created.,,0
	2026-04-26T09:41:41.4821098Z,,,0
	2026-04-26T09:41:41.4912113Z,Using Node version:,,0
	2026-04-26T09:41:41.6822957Z,v20.20.0,,0
	2026-04-26T09:41:41.6982024Z,,,0
	2026-04-26T09:41:41.7117704Z,Using Npm version:,,0
	2026-04-26T09:41:42.1253087Z,10.8.2,,0
	2026-04-26T09:41:42.2172996Z,,,0
	2026-04-26T09:41:42.2452230Z,Running 'npm install'...,,0
	2026-04-26T09:41:42.2646142Z,,,0
	2026-04-26T09:41:46.3322098Z,,,0
	2026-04-26T09:41:46.3512207Z,npm notice,,1
	2026-04-26T09:41:46.3577650Z,added 69 packages&comma; and audited 70 packages in 4s,,0
	2026-04-26T09:41:46.3652631Z,,,0
	2026-04-26T09:41:46.3707775Z,24 packages are looking for funding,,0
	2026-04-26T09:41:46.3778885Z,npm notice New major version of npm available! 10.8.2 -> 11.13.0,,1
	2026-04-26T09:41:46.3861588Z,  run `npm fund` for details,,0
	2026-04-26T09:41:46.3958980Z,npm notice Changelog: https://github.com/npm/cli/releases/tag/v11.13.0,,1
	2026-04-26T09:41:46.4049196Z,,,0
	2026-04-26T09:41:46.4113896Z,npm notice To update run: npm install -g npm@11.13.0,,1
	2026-04-26T09:41:46.4252783Z,npm notice,,1
	2026-04-26T09:41:46.4318367Z,found 0 vulnerabilities,,0
	2026-04-26T09:41:46.4434417Z,,,0
	2026-04-26T09:41:46.4515122Z,Zipping existing node_modules folder...,,0
	2026-04-26T09:41:46.5366182Z,Done in 0 sec(s).,,0
	2026-04-26T09:41:46.5546125Z,Build script snippets done in 5 sec(s).,,0
	2026-04-26T09:41:46.5711071Z,Preparing output...,,0
	2026-04-26T09:41:46.5845310Z,Using standard output preparation...,,0
	2026-04-26T09:41:46.5938067Z,,,0
	2026-04-26T09:41:46.6033761Z,Copying files to destination directory '/home/site/wwwroot'...,,0
	2026-04-26T09:41:46.8264700Z,Copying to destination directory done in 0 sec(s).,,0
	2026-04-26T09:41:46.8392516Z,Total time for destination directory preparation done in 0 sec(s).,,0
	2026-04-26T09:41:46.8518099Z,,,0
	2026-04-26T09:41:46.8642130Z,Removing existing manifest file,,0
	2026-04-26T09:41:46.8733098Z,Creating a manifest file...,,0
	2026-04-26T09:41:46.8859291Z,Manifest file created.,,0
	2026-04-26T09:41:46.8975372Z,Copying .ostype to manifest output directory.,,0
	2026-04-26T09:41:46.9084831Z,,,0
	2026-04-26T09:41:46.9190808Z,Total execution done in 8 sec(s).,,0
2026-04-26T09:41:47.8449085Z,Running post deployment command(s)...,1d33da43-3050-45be-a551-6763a57e3cf7,0
2026-04-26T09:41:47.9738060Z,,02a0711f-4127-4aee-bc89-dcf7c71f46db,0
2026-04-26T09:41:48.0954536Z,Generating summary of Oryx build,f18d8683-5f2e-4c1d-9d80-8be783c457fe,0
2026-04-26T09:41:48.2463592Z,Parsing the build logs,d6fd3931-98de-4994-bfd8-bbeaf6351b20,0
2026-04-26T09:41:48.3711744Z,Found 0 issue(s),355c52a7-522c-4637-8ce9-976ca4fe6430,0
2026-04-26T09:41:48.4857884Z,,e4effcff-b966-4e6c-9e65-44927b84ceff,0
2026-04-26T09:41:48.6068796Z,Build Summary :,9af74848-24b8-49c5-8d63-f33ed59b8d66,0
2026-04-26T09:41:48.7219282Z,===============,09782a1c-54b2-4e1b-92b8-b2d8dd3e4c7e,0
2026-04-26T09:41:48.8483765Z,Errors (0),a1e7379e-9cdd-498a-88ee-8e1877b2c030,0
2026-04-26T09:41:49.0630200Z,Warnings (0),70107509-397b-4779-b282-41475ce32662,0
2026-04-26T09:41:49.1966100Z,,a5c7abb6-ceb8-42dc-a6d8-efcf58dae46d,0
2026-04-26T09:41:49.3372839Z,Triggering recycle (preview mode disabled).,6f2ec265-b7a9-4466-b287-5cb7030c5017,0
2026-04-26T09:41:49.5345561Z,Deployment successful. deployer = ms-azuretools-vscode deploymentPath = ZipDeploy. Extract zip.,e21fc3de-d1ef-4902-8e71-f8fbeccac43c,0
